
> servio-mvp@0.1.2 build /Users/amaan/Downloads/servio-mvp-cleaned
> NODE_NO_WARNINGS=1 next build

  ▲ Next.js 14.2.16
  - Environments: .env.local

   Creating an optimized production build ...
 ⚠ Compiled with warnings

./node_modules/@prisma/instrumentation/node_modules/@opentelemetry/instrumentation/build/esm/platform/node/instrumentation.js
Critical dependency: the request of a dependency is an expression

Import trace for requested module:
./node_modules/@prisma/instrumentation/node_modules/@opentelemetry/instrumentation/build/esm/platform/node/instrumentation.js
./node_modules/@prisma/instrumentation/node_modules/@opentelemetry/instrumentation/build/esm/platform/node/index.js
./node_modules/@prisma/instrumentation/node_modules/@opentelemetry/instrumentation/build/esm/platform/index.js
./node_modules/@prisma/instrumentation/node_modules/@opentelemetry/instrumentation/build/esm/index.js
./node_modules/@prisma/instrumentation/dist/index.js
./node_modules/@sentry/node/build/cjs/integrations/tracing/prisma.js
./node_modules/@sentry/node/build/cjs/index.js
./node_modules/@sentry/nextjs/build/cjs/index.server.js
./lib/logger/production-logger.ts
./lib/logger.ts
./hooks/use-tab-counts.ts
./app/dashboard/[venueId]/orders/OrdersClient.tsx

./node_modules/require-in-the-middle/index.js
Critical dependency: require function is used in a way in which dependencies cannot be statically extracted

Import trace for requested module:
./node_modules/require-in-the-middle/index.js
./node_modules/@opentelemetry/instrumentation/build/esm/platform/node/instrumentation.js
./node_modules/@opentelemetry/instrumentation/build/esm/platform/node/index.js
./node_modules/@opentelemetry/instrumentation/build/esm/platform/index.js
./node_modules/@opentelemetry/instrumentation/build/esm/index.js
./node_modules/@sentry/node/build/cjs/integrations/tracing/postgresjs.js
./node_modules/@sentry/node/build/cjs/index.js
./node_modules/@sentry/nextjs/build/cjs/index.server.js
./lib/logger/production-logger.ts
./lib/logger.ts
./hooks/use-tab-counts.ts
./app/dashboard/[venueId]/orders/OrdersClient.tsx

./node_modules/@prisma/instrumentation/node_modules/@opentelemetry/instrumentation/build/esm/platform/node/instrumentation.js
Critical dependency: the request of a dependency is an expression

Import trace for requested module:
./node_modules/@prisma/instrumentation/node_modules/@opentelemetry/instrumentation/build/esm/platform/node/instrumentation.js
./node_modules/@prisma/instrumentation/node_modules/@opentelemetry/instrumentation/build/esm/platform/node/index.js
./node_modules/@prisma/instrumentation/node_modules/@opentelemetry/instrumentation/build/esm/platform/index.js
./node_modules/@prisma/instrumentation/node_modules/@opentelemetry/instrumentation/build/esm/index.js
./node_modules/@prisma/instrumentation/dist/index.js
./node_modules/@sentry/node/build/cjs/integrations/tracing/prisma.js
./node_modules/@sentry/node/build/cjs/index.js
./node_modules/@sentry/nextjs/build/cjs/index.server.js
./lib/logger/production-logger.ts
./lib/logger.ts
./app/api/cleanup-invitations/route.ts

./node_modules/require-in-the-middle/index.js
Critical dependency: require function is used in a way in which dependencies cannot be statically extracted

Import trace for requested module:
./node_modules/require-in-the-middle/index.js
./node_modules/@opentelemetry/instrumentation/build/esm/platform/node/instrumentation.js
./node_modules/@opentelemetry/instrumentation/build/esm/platform/node/index.js
./node_modules/@opentelemetry/instrumentation/build/esm/platform/index.js
./node_modules/@opentelemetry/instrumentation/build/esm/index.js
./node_modules/@sentry/node/build/cjs/integrations/tracing/postgresjs.js
./node_modules/@sentry/node/build/cjs/index.js
./node_modules/@sentry/nextjs/build/cjs/index.server.js
./lib/logger/production-logger.ts
./lib/logger.ts
./app/api/cleanup-invitations/route.ts

   Skipping validation of types
   Skipping linting
   Collecting page data ...
 ⚠ Using edge runtime on a page currently disables static generation for that page
   Generating static pages (0/190) ...
   Generating static pages (47/190) 
   Generating static pages (94/190) 
Unhandled Promise Rejection: n [Error]: Dynamic server usage: Route /api/ready couldn't be rendered statically because it used `cookies`. See more info here: https://nextjs.org/docs/messages/dynamic-server-error
    at l (/Users/amaan/Downloads/servio-mvp-cleaned/.next/server/chunks/9379.js:1:58330)
    at m (/Users/amaan/Downloads/servio-mvp-cleaned/.next/server/chunks/9822.js:26:63135)
    at d (/Users/amaan/Downloads/servio-mvp-cleaned/.next/server/app/api/ai-assistant/conversations/route.js:1:11342) {
  description: "Route /api/ready couldn't be rendered statically because it used `cookies`. See more info here: https://nextjs.org/docs/messages/dynamic-server-error",
  digest: 'DYNAMIC_SERVER_USAGE'
}
   Generating static pages (142/190) 
 ✓ Generating static pages (190/190)
   Finalizing page optimization ...
   Collecting build traces ...

Route (app)                                                    Size     First Load JS
┌ ƒ /                                                          6.21 kB         840 kB
├ ƒ /_not-found                                                136 B           834 kB
├ ƒ /admin/migrate-ai                                          1.67 kB         835 kB
├ ƒ /api-docs                                                  495 B           811 kB
├ ƒ /api/admin/emergency-fix                                   0 B                0 B
├ ƒ /api/admin/reset-tables                                    0 B                0 B
├ ƒ /api/ai-assistant/activity                                 0 B                0 B
├ ƒ /api/ai-assistant/conversations                            0 B                0 B
├ ƒ /api/ai-assistant/conversations/[conversationId]           0 B                0 B
├ ƒ /api/ai-assistant/conversations/[conversationId]/messages  0 B                0 B
├ ƒ /api/ai-assistant/execute                                  0 B                0 B
├ ƒ /api/ai-assistant/fix-access                               0 B                0 B
├ ƒ /api/ai-assistant/migrate                                  0 B                0 B
├ ƒ /api/ai-assistant/plan                                     0 B                0 B
├ ƒ /api/ai-assistant/undo                                     0 B                0 B
├ ƒ /api/ai/conversations                                      0 B                0 B
├ ƒ /api/ai/messages                                           0 B                0 B
├ ƒ /api/analytics/vitals                                      0 B                0 B
├ ƒ /api/auth/exchange-code                                    0 B                0 B
├ ƒ /api/auth/health                                           0 B                0 B
├ ƒ /api/auth/refresh                                          0 B                0 B
├ ƒ /api/auth/self-test                                        0 B                0 B
├ ƒ /api/auth/sign-out                                         0 B                0 B
├ ƒ /api/auth/signout                                          0 B                0 B
├ ƒ /api/auth/test-oauth                                       0 B                0 B
├ ƒ /api/cart/store                                            0 B                0 B
├ ƒ /api/checkout                                              0 B                0 B
├ ƒ /api/checkout/verify                                       0 B                0 B
├ ƒ /api/cleanup-invitations                                   0 B                0 B
├ ƒ /api/cleanup/stale-orders                                  0 B                0 B
├ ƒ /api/cron/daily-reset                                      0 B                0 B
├ ƒ /api/cron/demo-reset                                       0 B                0 B
├ ƒ /api/daily-reset                                           0 B                0 B
├ ƒ /api/daily-reset/check-and-reset                           0 B                0 B
├ ƒ /api/daily-reset/manual                                    0 B                0 B
├ ƒ /api/dashboard/orders                                      0 B                0 B
├ ƒ /api/dashboard/orders/[id]                                 0 B                0 B
├ ƒ /api/dashboard/orders/one                                  0 B                0 B
├ ƒ /api/delete-account                                        0 B                0 B
├ ƒ /api/demo/reset                                            0 B                0 B
├ ○ /api/docs                                                  0 B                0 B
├ ○ /api/env                                                   0 B                0 B
├ ƒ /api/errors                                                0 B                0 B
├ ƒ /api/extract-menu                                          0 B                0 B
├ ƒ /api/features/check                                        0 B                0 B
├ ƒ /api/feedback                                              0 B                0 B
├ ƒ /api/feedback-responses                                    0 B                0 B
├ ƒ /api/feedback/list                                         0 B                0 B
├ ƒ /api/feedback/questions                                    0 B                0 B
├ ƒ /api/feedback/questions/public                             0 B                0 B
├ ƒ /api/fix-invitation-constraint                             0 B                0 B
├ ƒ /api/fix-owner-column                                      0 B                0 B
├ ○ /api/health                                                0 B                0 B
├ ƒ /api/inventory/export/csv                                  0 B                0 B
├ ƒ /api/inventory/export/movements                            0 B                0 B
├ ƒ /api/inventory/import/csv                                  0 B                0 B
├ ƒ /api/inventory/ingredients                                 0 B                0 B
├ ƒ /api/inventory/ingredients/[id]                            0 B                0 B
├ ƒ /api/inventory/low-stock                                   0 B                0 B
├ ƒ /api/inventory/recipes/[menu_item_id]                      0 B                0 B
├ ƒ /api/inventory/recipes/[menu_item_id]/[ingredient_id]      0 B                0 B
├ ƒ /api/inventory/seed                                        0 B                0 B
├ ƒ /api/inventory/stock/adjust                                0 B                0 B
├ ƒ /api/inventory/stock/deduct                                0 B                0 B
├ ƒ /api/inventory/stock/movements                             0 B                0 B
├ ƒ /api/inventory/stock/stocktake                             0 B                0 B
├ ƒ /api/kds/backfill                                          0 B                0 B
├ ƒ /api/kds/backfill-all                                      0 B                0 B
├ ƒ /api/kds/stations                                          0 B                0 B
├ ƒ /api/kds/status                                            0 B                0 B
├ ƒ /api/kds/tickets                                           0 B                0 B
├ ƒ /api/kds/tickets/bulk-update                               0 B                0 B
├ ƒ /api/live-orders                                           0 B                0 B
├ ƒ /api/log-demo-access                                       0 B                0 B
├ ƒ /api/log-order-access                                      0 B                0 B
├ ƒ /api/menu/[venueId]                                        0 B                0 B
├ ƒ /api/menu/categories                                       0 B                0 B
├ ƒ /api/menu/categories/reset                                 0 B                0 B
├ ƒ /api/menu/clear                                            0 B                0 B
├ ƒ /api/menu/delete-category                                  0 B                0 B
├ ƒ /api/menu/update-category                                  0 B                0 B
├ ƒ /api/menu/upload                                           0 B                0 B
├ ƒ /api/menu/uploads/[venueId]/category-order                 0 B                0 B
├ ƒ /api/migrate-ai-conversations                              0 B                0 B
├ ƒ /api/migrate-chat                                          0 B                0 B
├ ƒ /api/migrate-database-constraint                           0 B                0 B
├ ƒ /api/migrate-staff-invitations                             0 B                0 B
├ ƒ /api/migrations/kds                                        0 B                0 B
├ ƒ /api/migrations/kds-trigger                                0 B                0 B
├ ƒ /api/orders                                                0 B                0 B
├ ƒ /api/orders/[orderId]                                      0 B                0 B
├ ƒ /api/orders/bulk-complete                                  0 B                0 B
├ ƒ /api/orders/by-session                                     0 B                0 B
├ ƒ /api/orders/by-session/[sessionId]                         0 B                0 B
├ ƒ /api/orders/createFromPaidIntent                           0 B                0 B
├ ƒ /api/orders/delete                                         0 B                0 B
├ ƒ /api/orders/mark-paid                                      0 B                0 B
├ ƒ /api/orders/recent-paid                                    0 B                0 B
├ ƒ /api/orders/search                                         0 B                0 B
├ ƒ /api/orders/serve                                          0 B                0 B
├ ƒ /api/orders/session/[sessionId]/open                       0 B                0 B
├ ƒ /api/orders/set-status                                     0 B                0 B
├ ƒ /api/orders/update-payment-status                          0 B                0 B
├ ƒ /api/orders/update-session                                 0 B                0 B
├ ƒ /api/orders/update-status                                  0 B                0 B
├ ƒ /api/orders/verify                                         0 B                0 B
├ ƒ /api/organization/ensure                                   0 B                0 B
├ ƒ /api/pay/demo                                              0 B                0 B
├ ƒ /api/pay/later                                             0 B                0 B
├ ƒ /api/pay/stripe                                            0 B                0 B
├ ƒ /api/pay/till                                              0 B                0 B
├ ƒ /api/payments/create-intent                                0 B                0 B
├ ○ /api/ping                                                  0 B                0 B
├ ƒ /api/pos/bill-splits                                       0 B                0 B
├ ƒ /api/pos/counter-sessions                                  0 B                0 B
├ ƒ /api/pos/orders                                            0 B                0 B
├ ƒ /api/pos/orders/status                                     0 B                0 B
├ ƒ /api/pos/payments                                          0 B                0 B
├ ƒ /api/pos/table-sessions                                    0 B                0 B
├ ƒ /api/pos/table-transfer                                    0 B                0 B
├ ƒ /api/ready                                                 0 B                0 B
├ ƒ /api/reservations                                          0 B                0 B
├ ƒ /api/reservations/[reservationId]/assign                   0 B                0 B
├ ƒ /api/reservations/[reservationId]/cancel                   0 B                0 B
├ ƒ /api/reservations/[reservationId]/modify                   0 B                0 B
├ ƒ /api/reservations/[reservationId]/no-show                  0 B                0 B
├ ƒ /api/reservations/auto-complete                            0 B                0 B
├ ƒ /api/reservations/by-table/[tableId]                       0 B                0 B
├ ƒ /api/reservations/check-completion                         0 B                0 B
├ ƒ /api/reservations/checkin                                  0 B                0 B
├ ƒ /api/reservations/create                                   0 B                0 B
├ ƒ /api/reservations/unassigned                               0 B                0 B
├ ƒ /api/reviews/add                                           0 B                0 B
├ ƒ /api/reviews/list                                          0 B                0 B
├ ƒ /api/send-invitation-dev                                   0 B                0 B
├ ƒ /api/setup-kds                                             0 B                0 B
├ ƒ /api/setup/stripe-products                                 0 B                0 B
├ ƒ /api/signup/with-subscription                              0 B                0 B
├ ƒ /api/staff/add                                             0 B                0 B
├ ƒ /api/staff/check                                           0 B                0 B
├ ƒ /api/staff/clear                                           0 B                0 B
├ ƒ /api/staff/delete                                          0 B                0 B
├ ƒ /api/staff/init                                            0 B                0 B
├ ƒ /api/staff/invitations                                     0 B                0 B
├ ƒ /api/staff/invitations/[token]                             0 B                0 B
├ ƒ /api/staff/invitations/cancel                              0 B                0 B
├ ƒ /api/staff/list                                            0 B                0 B
├ ƒ /api/staff/setup-invitations                               0 B                0 B
├ ƒ /api/staff/shifts/add                                      0 B                0 B
├ ƒ /api/staff/shifts/delete                                   0 B                0 B
├ ƒ /api/staff/shifts/list                                     0 B                0 B
├ ƒ /api/staff/toggle                                          0 B                0 B
├ ○ /api/status                                                0 B                0 B
├ ƒ /api/stripe/checkout-session                               0 B                0 B
├ ƒ /api/stripe/create-checkout-session                        0 B                0 B
├ ƒ /api/stripe/create-portal-session                          0 B                0 B
├ ƒ /api/stripe/downgrade-plan                                 0 B                0 B
├ ƒ /api/stripe/webhook                                        0 B                0 B
├ ƒ /api/stripe/webhooks                                       0 B                0 B
├ ƒ /api/subscription/refresh-status                           0 B                0 B
├ ƒ /api/table-maintenance                                     0 B                0 B
├ ƒ /api/table-management/seat-party                           0 B                0 B
├ ƒ /api/table-sessions                                        0 B                0 B
├ ƒ /api/table-sessions/[id]                                   0 B                0 B
├ ƒ /api/table-sessions/actions                                0 B                0 B
├ ƒ /api/table-sessions/enhanced-merge                         0 B                0 B
├ ƒ /api/table/group-session                                   0 B                0 B
├ ƒ /api/table/group-sessions                                  0 B                0 B
├ ƒ /api/tables                                                0 B                0 B
├ ƒ /api/tables-runtime                                        0 B                0 B
├ ƒ /api/tables/[tableId]                                      0 B                0 B
├ ƒ /api/tables/[tableId]/close                                0 B                0 B
├ ƒ /api/tables/[tableId]/reissue-qr                           0 B                0 B
├ ƒ /api/tables/[tableId]/seat                                 0 B                0 B
├ ƒ /api/tables/auto-create                                    0 B                0 B
├ ƒ /api/tables/cleanup-duplicates                             0 B                0 B
├ ƒ /api/tables/clear                                          0 B                0 B
├ ƒ /api/tables/clear-all                                      0 B                0 B
├ ƒ /api/tables/counters                                       0 B                0 B
├ ƒ /api/tables/force-clear-all                                0 B                0 B
├ ƒ /api/tables/remove                                         0 B                0 B
├ ƒ /api/tables/secondary                                      0 B                0 B
├ ƒ /api/test-ai-chat                                          0 B                0 B
├ ƒ /api/test-db                                               0 B                0 B
├ ƒ /api/test-email                                            0 B                0 B
├ ƒ /api/tier-check                                            0 B                0 B
├ ƒ /api/update-payment-status-pay-later                       0 B                0 B
├ ƒ /api/user/profile                                          0 B                0 B
├ ƒ /api/venues/update-reset-time                              0 B                0 B
├ ƒ /api/venues/upsert                                         0 B                0 B
├ ƒ /api/vitals                                                0 B                0 B
├ ƒ /auth/callback                                             2.77 kB         836 kB
├ ƒ /auth/create-account                                       2.15 kB         836 kB
├ ƒ /auth/error                                                1.21 kB         835 kB
├ ƒ /auth/sign-out                                             0 B                0 B
├ ƒ /checkout/success                                          1.96 kB         836 kB
├ ƒ /clear-session                                             1.12 kB         835 kB
├ ƒ /complete-profile                                          2.74 kB         836 kB
├ ƒ /cookies                                                   136 B           834 kB
├ ƒ /dashboard/[venueId]                                       13.9 kB         848 kB
├ ƒ /dashboard/[venueId]/ai-chat                               175 B           834 kB
├ ƒ /dashboard/[venueId]/analytics                             6.38 kB         840 kB
├ ƒ /dashboard/[venueId]/billing                               2.79 kB         836 kB
├ ƒ /dashboard/[venueId]/feedback                              2.63 kB         836 kB
├ ƒ /dashboard/[venueId]/inventory                             6.11 kB         840 kB
├ ƒ /dashboard/[venueId]/kds                                   2.75 kB         836 kB
├ ƒ /dashboard/[venueId]/live-orders                           4.7 kB          838 kB
├ ƒ /dashboard/[venueId]/menu                                  136 B           834 kB
├ ƒ /dashboard/[venueId]/menu-management                       13.5 kB         847 kB
├ ƒ /dashboard/[venueId]/orders                                2.22 kB         836 kB
├ ƒ /dashboard/[venueId]/pos                                   5.03 kB         839 kB
├ ƒ /dashboard/[venueId]/qr-codes                              3.36 kB         837 kB
├ ƒ /dashboard/[venueId]/settings                              8.76 kB         842 kB
├ ƒ /dashboard/[venueId]/staff                                 5.64 kB         839 kB
├ ƒ /dashboard/[venueId]/tables                                14.2 kB         848 kB
├ ƒ /demo-order-summary                                        616 B           834 kB
├ ƒ /env-check                                                 1.44 kB         812 kB
├ ƒ /feedback                                                  612 B           834 kB
├ ƒ /home                                                      1.71 kB         835 kB
├ ƒ /invitation/[token]                                        2.35 kB         836 kB
├ ƒ /invitation/expired                                        136 B           834 kB
├ ƒ /invitation/invalid                                        136 B           834 kB
├ ƒ /onboarding                                                405 B           811 kB
├ ƒ /onboarding/menu                                           2.35 kB         836 kB
├ ƒ /onboarding/tables                                         2.16 kB         836 kB
├ ƒ /onboarding/test-order                                     2.23 kB         836 kB
├ ƒ /order                                                     9.32 kB         843 kB
├ ƒ /order-summary                                             2.25 kB         836 kB
├ ƒ /order-summary/[orderId]                                   2.89 kB         837 kB
├ ƒ /order-tracking/[orderId]                                  2.52 kB         836 kB
├ ƒ /payment                                                   4.06 kB         838 kB
├ ƒ /payment/cancel                                            930 B           835 kB
├ ƒ /payment/success                                           773 B           834 kB
├ ƒ /privacy                                                   135 B           834 kB
├ ƒ /refund-policy                                             136 B           834 kB
├ ƒ /sign-in                                                   2.72 kB         836 kB
├ ƒ /sign-out                                                  654 B           834 kB
├ ƒ /sign-up                                                   4.12 kB         838 kB
├ ○ /sitemap.xml                                               0 B                0 B
└ ƒ /terms                                                     136 B           834 kB
+ First Load JS shared by all                                  835 kB
  ├ chunks/vendor-b40446ea24cf602f.js                          808 kB
  ├ css/f404fdd5628ddf01.css                                   24 kB
  └ other shared chunks (total)                                2 kB


ƒ Middleware                                                   26 kB

○  (Static)   prerendered as static content
ƒ  (Dynamic)  server-rendered on demand

